<?xml version="1.0" encoding="UTF-8"?>
<testng-results skipped="0" failed="0" ignored="0" total="6" passed="6">
  <reporter-output>
  </reporter-output>
  <suite name="Default suite" duration-ms="8424" started-at="2018-07-03T18:51:04Z" finished-at="2018-07-03T18:51:13Z">
    <groups>
    </groups>
    <test name="Default test" duration-ms="8424" started-at="2018-07-03T18:51:04Z" finished-at="2018-07-03T18:51:13Z">
      <class name="com.olympics.MadelTable">
        <test-method status="PASS" signature="setUp()[pri:0, instance:com.olympics.MadelTable@57fffcd7]" name="setUp" is-config="true" duration-ms="4968" started-at="2018-07-03T18:51:04Z" finished-at="2018-07-03T18:51:09Z">
          <reporter-output>
          </reporter-output>
        </test-method> <!-- setUp -->
        <test-method status="PASS" signature="SortedByRank()[pri:1, instance:com.olympics.MadelTable@57fffcd7]" name="SortedByRank" duration-ms="269" started-at="2018-07-03T18:51:09Z" finished-at="2018-07-03T18:51:09Z">
          <reporter-output>
          </reporter-output>
        </test-method> <!-- SortedByRank -->
        <test-method status="PASS" signature="SortedByCountryNames()[pri:2, instance:com.olympics.MadelTable@57fffcd7]" name="SortedByCountryNames" duration-ms="445" started-at="2018-07-03T18:51:09Z" finished-at="2018-07-03T18:51:10Z">
          <reporter-output>
          </reporter-output>
        </test-method> <!-- SortedByCountryNames -->
        <test-method status="PASS" signature="TheMost()[pri:3, instance:com.olympics.MadelTable@57fffcd7]" name="TheMost" duration-ms="1530" started-at="2018-07-03T18:51:10Z" finished-at="2018-07-03T18:51:11Z">
          <reporter-output>
          </reporter-output>
        </test-method> <!-- TheMost -->
        <test-method status="PASS" signature="CountryByMedal()[pri:4, instance:com.olympics.MadelTable@57fffcd7]" name="CountryByMedal" duration-ms="623" started-at="2018-07-03T18:51:11Z" finished-at="2018-07-03T18:51:12Z">
          <reporter-output>
          </reporter-output>
        </test-method> <!-- CountryByMedal -->
        <test-method status="PASS" signature="GetIndex()[pri:5, instance:com.olympics.MadelTable@57fffcd7]" name="GetIndex" duration-ms="152" started-at="2018-07-03T18:51:12Z" finished-at="2018-07-03T18:51:12Z">
          <reporter-output>
          </reporter-output>
        </test-method> <!-- GetIndex -->
        <test-method status="PASS" signature="GetSum()[pri:6, instance:com.olympics.MadelTable@57fffcd7]" name="GetSum" duration-ms="202" started-at="2018-07-03T18:51:12Z" finished-at="2018-07-03T18:51:12Z">
          <reporter-output>
          </reporter-output>
        </test-method> <!-- GetSum -->
        <test-method status="PASS" signature="tearsDown()[pri:0, instance:com.olympics.MadelTable@57fffcd7]" name="tearsDown" is-config="true" duration-ms="198" started-at="2018-07-03T18:51:12Z" finished-at="2018-07-03T18:51:13Z">
          <reporter-output>
          </reporter-output>
        </test-method> <!-- tearsDown -->
      </class> <!-- com.olympics.MadelTable -->
    </test> <!-- Default test -->
  </suite> <!-- Default suite -->
</testng-results>
